Watching /mnt/c/Users/Pichau/Documents/Projetos/Estudos/React/taskbox and all sub-directories not excluded by your .gitignore. Will not monitor dotfiles.
Found & ignored ./node_modules ; is listed in .gitignore
Found & ignored ./src/App.css ; has ignored extension
Found & ignored ./src/index.css ; has ignored extension
Found & ignored ./src/stories/button.css ; has ignored extension
Found & ignored ./src/stories/header.css ; has ignored extension
Found & ignored ./src/stories/page.css ; has ignored extension
Found & ignored ./storybook-static/static/css/main.57e94690.chunk.css ; has ignored extension

Starting: build-storybook -- --output-dir /tmp/chromatic--2545-HlXTJKuZ9FLz
node:internal/modules/cjs/loader:928
  throw err;
  ^

Error: Cannot find module '/mnt/c/Users/Pichau/Documents/Projetos/Estudos/React/taskbox/build-storybook'
    at Function.Module._resolveFilename (node:internal/modules/cjs/loader:925:15)
    at Function.Module._load (node:internal/modules/cjs/loader:769:27)
    at Function.executeUserEntryPoint [as runMain] (node:internal/modules/run_main:76:12)
    at node:internal/main/run_main_module:17:47 {
  code: 'MODULE_NOT_FOUND',
  requireStack: []
}
./src/components/Task.js changed

Starting: build-storybook -- --output-dir /tmp/chromatic--2545-HlXTJKuZ9FLz
./build-storybook.log changed

Starting: build-storybook -- --output-dir /tmp/chromatic--2545-HlXTJKuZ9FLz
node:internal/modules/cjs/loader:928
  throw err;
  ^

Error: Cannot find module '/mnt/c/Users/Pichau/Documents/Projetos/Estudos/React/taskbox/build-storybook'
    at Function.Module._resolveFilename (node:internal/modules/cjs/loader:925:15)
    at Function.Module._load (node:internal/modules/cjs/loader:769:27)
    at Function.executeUserEntryPoint [as runMain] (node:internal/modules/run_main:76:12)
    at node:internal/main/run_main_module:17:47 {
  code: 'MODULE_NOT_FOUND',
  requireStack: []
}
./package.json changed

Starting: build-storybook -- --output-dir /tmp/chromatic--2545-HlXTJKuZ9FLz
./yarn.lock changed

Starting: build-storybook -- --output-dir /tmp/chromatic--2545-HlXTJKuZ9FLz
./build-storybook.log changed

Starting: build-storybook -- --output-dir /tmp/chromatic--2545-HlXTJKuZ9FLz
node:internal/modules/cjs/loader:928
  throw err;
  ^

Error: Cannot find module '/mnt/c/Users/Pichau/Documents/Projetos/Estudos/React/taskbox/build-storybook'
    at Function.Module._resolveFilename (node:internal/modules/cjs/loader:925:15)
    at Function.Module._load (node:internal/modules/cjs/loader:769:27)
    at Function.executeUserEntryPoint [as runMain] (node:internal/modules/run_main:76:12)
    at node:internal/main/run_main_module:17:47 {
  code: 'MODULE_NOT_FOUND',
  requireStack: []
}
./build-storybook.log changed

Starting: build-storybook -- --output-dir /tmp/chromatic--2545-HlXTJKuZ9FLz
./src/components/Task.stories.js changed

Starting: build-storybook -- --output-dir /tmp/chromatic--2545-HlXTJKuZ9FLz
node:internal/modules/cjs/loader:928
  throw err;
  ^

Error: Cannot find module '/mnt/c/Users/Pichau/Documents/Projetos/Estudos/React/taskbox/build-storybook'
    at Function.Module._resolveFilename (node:internal/modules/cjs/loader:925:15)
    at Function.Module._load (node:internal/modules/cjs/loader:769:27)
    at Function.executeUserEntryPoint [as runMain] (node:internal/modules/run_main:76:12)
    at node:internal/main/run_main_module:17:47 {
  code: 'MODULE_NOT_FOUND',
  requireStack: []
}
./src/components/Task.stories.js changed

Starting: build-storybook -- --output-dir /tmp/chromatic--2545-HlXTJKuZ9FLz
./build-storybook.log changed

Starting: build-storybook -- --output-dir /tmp/chromatic--2545-HlXTJKuZ9FLz
node:internal/modules/cjs/loader:928
  throw err;
  ^

Error: Cannot find module '/mnt/c/Users/Pichau/Documents/Projetos/Estudos/React/taskbox/build-storybook'
    at Function.Module._resolveFilename (node:internal/modules/cjs/loader:925:15)
    at Function.Module._load (node:internal/modules/cjs/loader:769:27)
    at Function.executeUserEntryPoint [as runMain] (node:internal/modules/run_main:76:12)
    at node:internal/main/run_main_module:17:47 {
  code: 'MODULE_NOT_FOUND',
  requireStack: []
}
ader:928
  throw err;
  ^

Error: Cannot find module '/mnt/c/Users/Pichau/Documents/Projetos/Estudos/React/taskbox/build-storybook'
    at Function.Module._resolveFilename (node:internal/modules/cjs/loader:925:15)
    at Function.Module._load (node:internal/modules/cjs/loader:769:27)
    at Function.executeUserEntryPoint [as runMain] (node:internal/modules/run_main:76:12)
    at node:internal/main/run_main_module:17:47 {
  code: 'MODULE_NOT_FOUND',
  requireStack: []
}
./src/components/Task.stories.js changed

Starting: build-storybook -- --output-dir /tmp/chromatic--2413-vTkHGK6GiW0G
./build-storybook.log changed

Starting: build-storybook -- --output-dir /tmp/chromatic--2413-vTkHGK6GiW0G
node:internal/modules/cjs/loader:928
  throw err;
  ^

Error: Cannot find module '/mnt/c/Users/Pichau/Documents/Projetos/Estudos/React/taskbox/build-storybook'
    at Function.Module._resolveFilename (node:internal/modules/cjs/loader:925:15)
    at Function.Module._load (node:internal/modules/cjs/loader:769:27)
    at Function.executeUserEntryPoint [as runMain] (node:internal/modules/run_main:76:12)
    at node:internal/main/run_main_module:17:47 {
  code: 'MODULE_NOT_FOUND',
  requireStack: []
}
